%!Adobe-FontList 1.20
%Locale:0x409

%BeginFont
Handler:DirectoryHandler
FontType:TrueType
FontName:Abuget
FamilyName:Abuget
StyleName:Regular
FullName:Abuget
MenuName:Abuget
StyleBits:0
WritingScript:Roman
OutlineFileName:C:\Users\Rafy Thomas\Desktop\Serious Women Website\Font\Abuget.ttf
DataFormat:sfntData
hasSVG:no
VariableFontType:NonVariableFont
FileLength:62468
FileModTime:1514794552
WeightClass:400
WidthClass:5
AngleClass:0
NameArray:0,Mac,4,Abuget
NameArray:0,Win,1,Abuget
%EndFont

%BeginFont
Handler:DirectoryHandler
FontType:TrueType
FontName:CenturyGothic
FamilyName:Century Gothic
StyleName:Regular
FullName:Century Gothic
MenuName:Century Gothic
StyleBits:0
WritingScript:Roman
OutlineFileName:C:\Users\Rafy Thomas\Desktop\Serious Women Website\Font\GOTHIC.TTF
DataFormat:sfntData
hasSVG:no
VariableFontType:NonVariableFont
FileLength:137568
FileModTime:910913968
WeightClass:400
WidthClass:5
AngleClass:0
NameArray:0,Mac,4,Century Gothic
NameArray:0,Win,1,Century Gothic
%EndFont

%BeginFont
Handler:DirectoryHandler
FontType:TrueType
FontName:CenturyGothic-Bold
FamilyName:Century Gothic
StyleName:Bold
FullName:Century Gothic Bold
MenuName:Century Gothic
StyleBits:2
WritingScript:Roman
OutlineFileName:C:\Users\Rafy Thomas\Desktop\Serious Women Website\Font\GOTHICB.TTF
DataFormat:sfntData
hasSVG:no
VariableFontType:NonVariableFont
FileLength:129676
FileModTime:910913968
WeightClass:700
WidthClass:5
AngleClass:0
NameArray:0,Mac,4,Century Gothic Bold
NameArray:0,Win,1,Century Gothic
%EndFont

